[0m12:10:47.290668 [debug] [MainThread]: Sending event: {'category': 'dbt', 'action': 'invocation', 'label': 'start', 'context': [<snowplow_tracker.self_describing_json.SelfDescribingJson object at 0x000002920E073E10>, <snowplow_tracker.self_describing_json.SelfDescribingJson object at 0x000002920DCD6C10>, <snowplow_tracker.self_describing_json.SelfDescribingJson object at 0x000002920E0C7D90>]}


============================== 12:10:47.290668 | cfe0b9c6-6ff2-4b1f-9f36-4390867c82c6 ==============================
[0m12:10:47.290668 [info ] [MainThread]: Running with dbt=1.7.10
[0m12:10:47.306667 [debug] [MainThread]: running dbt with arguments {'printer_width': '80', 'indirect_selection': 'eager', 'log_cache_events': 'False', 'write_json': 'True', 'partial_parse': 'True', 'cache_selected_only': 'False', 'profiles_dir': 'C:\\Users\\Ketan.Nimje\\.dbt', 'fail_fast': 'False', 'warn_error': 'None', 'log_path': 'logs', 'version_check': 'True', 'debug': 'False', 'use_colors': 'True', 'use_experimental_parser': 'False', 'no_print': 'None', 'quiet': 'False', 'log_format': 'default', 'introspect': 'True', 'static_parser': 'True', 'warn_error_options': 'WarnErrorOptions(include=[], exclude=[])', 'target_path': 'None', 'invocation_command': 'dbt init', 'send_anonymous_usage_stats': 'True'}
[0m12:10:59.362292 [debug] [MainThread]: Starter project path: C:\Users\Ketan.Nimje\AppData\Local\Programs\Python\Python311\Lib\site-packages\dbt\include\starter_project
[0m12:10:59.446174 [info ] [MainThread]: 
Your new dbt project "postgres_dev" was created!

For more information on how to configure the profiles.yml file,
please consult the dbt documentation here:

  https://docs.getdbt.com/docs/configure-your-profile

One more thing:

Need help? Don't hesitate to reach out to us via GitHub issues or on Slack:

  https://community.getdbt.com/

Happy modeling!

[0m12:10:59.446174 [info ] [MainThread]: Setting up your profile.
[0m12:15:23.312104 [info ] [MainThread]: Profile postgres_dev written to C:\Users\Ketan.Nimje\.dbt\profiles.yml using target's profile_template.yml and your supplied values. Run 'dbt debug' to validate the connection.
[0m12:15:23.312104 [debug] [MainThread]: Command `dbt init` succeeded at 12:15:23.312104 after 276.14 seconds
[0m12:15:23.327680 [debug] [MainThread]: Sending event: {'category': 'dbt', 'action': 'invocation', 'label': 'end', 'context': [<snowplow_tracker.self_describing_json.SelfDescribingJson object at 0x000002920E0D3B10>, <snowplow_tracker.self_describing_json.SelfDescribingJson object at 0x000002920E07DA50>, <snowplow_tracker.self_describing_json.SelfDescribingJson object at 0x000002920737C910>]}
[0m12:15:23.327680 [debug] [MainThread]: Flushing usage events
[0m12:15:44.328723 [debug] [MainThread]: Sending event: {'category': 'dbt', 'action': 'invocation', 'label': 'start', 'context': [<snowplow_tracker.self_describing_json.SelfDescribingJson object at 0x0000026222203F50>, <snowplow_tracker.self_describing_json.SelfDescribingJson object at 0x000002622221E590>, <snowplow_tracker.self_describing_json.SelfDescribingJson object at 0x000002622221FED0>]}


============================== 12:15:44.344437 | f72677d8-f57d-47dc-aef2-55575176044a ==============================
[0m12:15:44.344437 [info ] [MainThread]: Running with dbt=1.7.10
[0m12:15:44.344437 [debug] [MainThread]: running dbt with arguments {'printer_width': '80', 'indirect_selection': 'eager', 'write_json': 'True', 'log_cache_events': 'False', 'partial_parse': 'True', 'cache_selected_only': 'False', 'warn_error': 'None', 'fail_fast': 'False', 'debug': 'False', 'log_path': 'logs', 'version_check': 'True', 'profiles_dir': 'C:\\Users\\Ketan.Nimje\\.dbt', 'use_colors': 'True', 'use_experimental_parser': 'False', 'no_print': 'None', 'quiet': 'False', 'log_format': 'default', 'invocation_command': 'dbt debug', 'introspect': 'True', 'static_parser': 'True', 'target_path': 'None', 'warn_error_options': 'WarnErrorOptions(include=[], exclude=[])', 'send_anonymous_usage_stats': 'True'}
[0m12:15:44.344437 [info ] [MainThread]: dbt version: 1.7.10
[0m12:15:44.344437 [info ] [MainThread]: python version: 3.11.8
[0m12:15:44.344437 [info ] [MainThread]: python path: C:\Users\Ketan.Nimje\AppData\Local\Programs\Python\Python311\python.exe
[0m12:15:44.344437 [info ] [MainThread]: os info: Windows-10-10.0.19045-SP0
[0m12:15:44.431508 [info ] [MainThread]: Using profiles dir at C:\Users\Ketan.Nimje\.dbt
[0m12:15:44.431508 [info ] [MainThread]: Using profiles.yml file at C:\Users\Ketan.Nimje\.dbt\profiles.yml
[0m12:15:44.431508 [info ] [MainThread]: Using dbt_project.yml file at D:\Bootcamp_Project\dbt_project.yml
[0m12:15:44.431508 [info ] [MainThread]: adapter type: postgres
[0m12:15:44.431508 [info ] [MainThread]: adapter version: 1.7.10
[0m12:15:44.431508 [info ] [MainThread]: Configuration:
[0m12:15:44.431508 [info ] [MainThread]:   profiles.yml file [[32mOK found and valid[0m]
[0m12:15:44.431508 [info ] [MainThread]:   dbt_project.yml file [[31mERROR not found[0m]
[0m12:15:44.431508 [info ] [MainThread]: Required dependencies:
[0m12:15:44.431508 [debug] [MainThread]: Executing "git --help"
[0m12:15:44.463401 [debug] [MainThread]: STDOUT: "b"usage: git [-v | --version] [-h | --help] [-C <path>] [-c <name>=<value>]\n           [--exec-path[=<path>]] [--html-path] [--man-path] [--info-path]\n           [-p | --paginate | -P | --no-pager] [--no-replace-objects] [--bare]\n           [--git-dir=<path>] [--work-tree=<path>] [--namespace=<name>]\n           [--config-env=<name>=<envvar>] <command> [<args>]\n\nThese are common Git commands used in various situations:\n\nstart a working area (see also: git help tutorial)\n   clone     Clone a repository into a new directory\n   init      Create an empty Git repository or reinitialize an existing one\n\nwork on the current change (see also: git help everyday)\n   add       Add file contents to the index\n   mv        Move or rename a file, a directory, or a symlink\n   restore   Restore working tree files\n   rm        Remove files from the working tree and from the index\n\nexamine the history and state (see also: git help revisions)\n   bisect    Use binary search to find the commit that introduced a bug\n   diff      Show changes between commits, commit and working tree, etc\n   grep      Print lines matching a pattern\n   log       Show commit logs\n   show      Show various types of objects\n   status    Show the working tree status\n\ngrow, mark and tweak your common history\n   branch    List, create, or delete branches\n   commit    Record changes to the repository\n   merge     Join two or more development histories together\n   rebase    Reapply commits on top of another base tip\n   reset     Reset current HEAD to the specified state\n   switch    Switch branches\n   tag       Create, list, delete or verify a tag object signed with GPG\n\ncollaborate (see also: git help workflows)\n   fetch     Download objects and refs from another repository\n   pull      Fetch from and integrate with another repository or a local branch\n   push      Update remote refs along with associated objects\n\n'git help -a' and 'git help -g' list available subcommands and some\nconcept guides. See 'git help <command>' or 'git help <concept>'\nto read about a specific subcommand or concept.\nSee 'git help git' for an overview of the system.\n""
[0m12:15:44.463401 [debug] [MainThread]: STDERR: "b''"
[0m12:15:44.463401 [info ] [MainThread]:  - git [[32mOK found[0m]

[0m12:15:44.476884 [info ] [MainThread]: Connection:
[0m12:15:44.477976 [info ] [MainThread]:   host: localhost
[0m12:15:44.480443 [info ] [MainThread]:   port: 5432
[0m12:15:44.481587 [info ] [MainThread]:   user: postgres
[0m12:15:44.482370 [info ] [MainThread]:   database: Bootcamp_task
[0m12:15:44.482370 [info ] [MainThread]:   schema: public
[0m12:15:44.483452 [info ] [MainThread]:   connect_timeout: 10
[0m12:15:44.484473 [info ] [MainThread]:   role: None
[0m12:15:44.484542 [info ] [MainThread]:   search_path: None
[0m12:15:44.485674 [info ] [MainThread]:   keepalives_idle: 0
[0m12:15:44.485674 [info ] [MainThread]:   sslmode: None
[0m12:15:44.486762 [info ] [MainThread]:   sslcert: None
[0m12:15:44.487822 [info ] [MainThread]:   sslkey: None
[0m12:15:44.487822 [info ] [MainThread]:   sslrootcert: None
[0m12:15:44.487822 [info ] [MainThread]:   application_name: dbt
[0m12:15:44.487822 [info ] [MainThread]:   retries: 1
[0m12:15:44.487822 [info ] [MainThread]: Registered adapter: postgres=1.7.10
[0m12:15:44.487822 [debug] [MainThread]: Acquiring new postgres connection 'debug'
[0m12:15:44.487822 [debug] [MainThread]: Using postgres connection "debug"
[0m12:15:44.487822 [debug] [MainThread]: On debug: select 1 as id
[0m12:15:44.487822 [debug] [MainThread]: Opening a new connection, currently in state init
[0m12:15:44.503550 [debug] [MainThread]: SQL status: SELECT 1 in 0.0 seconds
[0m12:15:44.503550 [debug] [MainThread]: On debug: Close
[0m12:15:44.503550 [info ] [MainThread]:   Connection test: [[32mOK connection ok[0m]

[0m12:15:44.503550 [info ] [MainThread]: [31m1 check failed:[0m
[0m12:15:44.503550 [info ] [MainThread]: Project loading failed for the following reason:
 project path <D:\Bootcamp_Project\dbt_project.yml> not found

[0m12:15:44.503550 [debug] [MainThread]: Command `dbt debug` failed at 12:15:44.503550 after 0.27 seconds
[0m12:15:44.503550 [debug] [MainThread]: Connection 'debug' was properly closed.
[0m12:15:44.503550 [debug] [MainThread]: Sending event: {'category': 'dbt', 'action': 'invocation', 'label': 'end', 'context': [<snowplow_tracker.self_describing_json.SelfDescribingJson object at 0x0000026221DF2690>, <snowplow_tracker.self_describing_json.SelfDescribingJson object at 0x000002621B5CED50>, <snowplow_tracker.self_describing_json.SelfDescribingJson object at 0x0000026221A87ED0>]}
[0m12:15:44.503550 [debug] [MainThread]: Flushing usage events
[0m12:17:13.974204 [debug] [MainThread]: Sending event: {'category': 'dbt', 'action': 'invocation', 'label': 'start', 'context': [<snowplow_tracker.self_describing_json.SelfDescribingJson object at 0x000001E6B283FF10>, <snowplow_tracker.self_describing_json.SelfDescribingJson object at 0x000001E6B283C150>, <snowplow_tracker.self_describing_json.SelfDescribingJson object at 0x000001E6B283DCD0>]}


============================== 12:17:13.989820 | 38365809-ca02-4735-b393-03407b1dbaa4 ==============================
[0m12:17:13.989820 [info ] [MainThread]: Running with dbt=1.7.10
[0m12:17:13.989820 [debug] [MainThread]: running dbt with arguments {'printer_width': '80', 'indirect_selection': 'eager', 'write_json': 'True', 'log_cache_events': 'False', 'partial_parse': 'True', 'cache_selected_only': 'False', 'profiles_dir': 'C:\\Users\\Ketan.Nimje\\.dbt', 'debug': 'False', 'warn_error': 'None', 'log_path': 'logs', 'fail_fast': 'False', 'version_check': 'True', 'use_colors': 'True', 'use_experimental_parser': 'False', 'no_print': 'None', 'quiet': 'False', 'warn_error_options': 'WarnErrorOptions(include=[], exclude=[])', 'static_parser': 'True', 'log_format': 'default', 'invocation_command': 'dbt debug', 'target_path': 'None', 'introspect': 'True', 'send_anonymous_usage_stats': 'True'}
[0m12:17:13.989820 [info ] [MainThread]: dbt version: 1.7.10
[0m12:17:13.989820 [info ] [MainThread]: python version: 3.11.8
[0m12:17:13.989820 [info ] [MainThread]: python path: C:\Users\Ketan.Nimje\AppData\Local\Programs\Python\Python311\python.exe
[0m12:17:13.989820 [info ] [MainThread]: os info: Windows-10-10.0.19045-SP0
[0m12:17:14.074707 [info ] [MainThread]: Using profiles dir at C:\Users\Ketan.Nimje\.dbt
[0m12:17:14.074707 [info ] [MainThread]: Using profiles.yml file at C:\Users\Ketan.Nimje\.dbt\profiles.yml
[0m12:17:14.074707 [info ] [MainThread]: Using dbt_project.yml file at D:\Bootcamp_Project\dbt_project.yml
[0m12:17:14.074707 [info ] [MainThread]: adapter type: postgres
[0m12:17:14.074707 [info ] [MainThread]: adapter version: 1.7.10
[0m12:17:14.074707 [info ] [MainThread]: Configuration:
[0m12:17:14.074707 [info ] [MainThread]:   profiles.yml file [[32mOK found and valid[0m]
[0m12:17:14.074707 [info ] [MainThread]:   dbt_project.yml file [[31mERROR not found[0m]
[0m12:17:14.074707 [info ] [MainThread]: Required dependencies:
[0m12:17:14.074707 [debug] [MainThread]: Executing "git --help"
[0m12:17:14.112124 [debug] [MainThread]: STDOUT: "b"usage: git [-v | --version] [-h | --help] [-C <path>] [-c <name>=<value>]\n           [--exec-path[=<path>]] [--html-path] [--man-path] [--info-path]\n           [-p | --paginate | -P | --no-pager] [--no-replace-objects] [--bare]\n           [--git-dir=<path>] [--work-tree=<path>] [--namespace=<name>]\n           [--config-env=<name>=<envvar>] <command> [<args>]\n\nThese are common Git commands used in various situations:\n\nstart a working area (see also: git help tutorial)\n   clone     Clone a repository into a new directory\n   init      Create an empty Git repository or reinitialize an existing one\n\nwork on the current change (see also: git help everyday)\n   add       Add file contents to the index\n   mv        Move or rename a file, a directory, or a symlink\n   restore   Restore working tree files\n   rm        Remove files from the working tree and from the index\n\nexamine the history and state (see also: git help revisions)\n   bisect    Use binary search to find the commit that introduced a bug\n   diff      Show changes between commits, commit and working tree, etc\n   grep      Print lines matching a pattern\n   log       Show commit logs\n   show      Show various types of objects\n   status    Show the working tree status\n\ngrow, mark and tweak your common history\n   branch    List, create, or delete branches\n   commit    Record changes to the repository\n   merge     Join two or more development histories together\n   rebase    Reapply commits on top of another base tip\n   reset     Reset current HEAD to the specified state\n   switch    Switch branches\n   tag       Create, list, delete or verify a tag object signed with GPG\n\ncollaborate (see also: git help workflows)\n   fetch     Download objects and refs from another repository\n   pull      Fetch from and integrate with another repository or a local branch\n   push      Update remote refs along with associated objects\n\n'git help -a' and 'git help -g' list available subcommands and some\nconcept guides. See 'git help <command>' or 'git help <concept>'\nto read about a specific subcommand or concept.\nSee 'git help git' for an overview of the system.\n""
[0m12:17:14.112124 [debug] [MainThread]: STDERR: "b''"
[0m12:17:14.112124 [info ] [MainThread]:  - git [[32mOK found[0m]

[0m12:17:14.112124 [info ] [MainThread]: Connection:
[0m12:17:14.112124 [info ] [MainThread]:   host: localhost
[0m12:17:14.112124 [info ] [MainThread]:   port: 5432
[0m12:17:14.112124 [info ] [MainThread]:   user: postgres
[0m12:17:14.112124 [info ] [MainThread]:   database: Bootcamp_task
[0m12:17:14.112124 [info ] [MainThread]:   schema: public
[0m12:17:14.112124 [info ] [MainThread]:   connect_timeout: 10
[0m12:17:14.112124 [info ] [MainThread]:   role: None
[0m12:17:14.112124 [info ] [MainThread]:   search_path: None
[0m12:17:14.112124 [info ] [MainThread]:   keepalives_idle: 0
[0m12:17:14.112124 [info ] [MainThread]:   sslmode: None
[0m12:17:14.127817 [info ] [MainThread]:   sslcert: None
[0m12:17:14.127817 [info ] [MainThread]:   sslkey: None
[0m12:17:14.127817 [info ] [MainThread]:   sslrootcert: None
[0m12:17:14.127817 [info ] [MainThread]:   application_name: dbt
[0m12:17:14.127817 [info ] [MainThread]:   retries: 1
[0m12:17:14.127817 [info ] [MainThread]: Registered adapter: postgres=1.7.10
[0m12:17:14.127817 [debug] [MainThread]: Acquiring new postgres connection 'debug'
[0m12:17:14.127817 [debug] [MainThread]: Using postgres connection "debug"
[0m12:17:14.127817 [debug] [MainThread]: On debug: select 1 as id
[0m12:17:14.127817 [debug] [MainThread]: Opening a new connection, currently in state init
[0m12:17:14.143493 [debug] [MainThread]: SQL status: SELECT 1 in 0.0 seconds
[0m12:17:14.143493 [debug] [MainThread]: On debug: Close
[0m12:17:14.143493 [info ] [MainThread]:   Connection test: [[32mOK connection ok[0m]

[0m12:17:14.143493 [info ] [MainThread]: [31m1 check failed:[0m
[0m12:17:14.143493 [info ] [MainThread]: Project loading failed for the following reason:
 project path <D:\Bootcamp_Project\dbt_project.yml> not found

[0m12:17:14.159077 [debug] [MainThread]: Command `dbt debug` failed at 12:17:14.159077 after 0.23 seconds
[0m12:17:14.159077 [debug] [MainThread]: Connection 'debug' was properly closed.
[0m12:17:14.159077 [debug] [MainThread]: Sending event: {'category': 'dbt', 'action': 'invocation', 'label': 'end', 'context': [<snowplow_tracker.self_describing_json.SelfDescribingJson object at 0x000001E6ABE03790>, <snowplow_tracker.self_describing_json.SelfDescribingJson object at 0x000001E6ABE10350>, <snowplow_tracker.self_describing_json.SelfDescribingJson object at 0x000001E6B2961450>]}
[0m12:17:14.159077 [debug] [MainThread]: Flushing usage events
